android/app/build/intermediates/manifest_merge_blame_file/release/manifest-merger-blame-release-report.txt
1<?xml version="1.0" encoding="utf-8"?>
2<manifest xmlns:android="http://schemas.android.com/apk/res/android"
3    xmlns:tools="http://tools.android.com/features"
4    package="com.codesrahul.unifiedcast"
5    android:versionCode="1"
6    android:versionName="1.0.0" >
7
8    <uses-sdk
9        android:minSdkVersion="24"
10        android:targetSdkVersion="34" />
11
12    <uses-permission android:name="android.permission.INTERNET" />
12-->src/main/AndroidManifest.xml:5:5-67
12-->src/main/AndroidManifest.xml:5:22-64
13    <uses-permission android:name="android.permission.ACCESS_NETWORK_STATE" />
13-->src/main/AndroidManifest.xml:6:5-79
13-->src/main/AndroidManifest.xml:6:22-76
14    <uses-permission android:name="android.permission.ACCESS_WIFI_STATE" />
14-->src/main/AndroidManifest.xml:7:5-76
14-->src/main/AndroidManifest.xml:7:22-73
15    <uses-permission android:name="android.permission.CHANGE_WIFI_MULTICAST_STATE" />
15-->src/main/AndroidManifest.xml:8:5-86
15-->src/main/AndroidManifest.xml:8:22-83
16    <uses-permission android:name="android.permission.VIBRATE" />
16-->src/main/AndroidManifest.xml:9:5-66
16-->src/main/AndroidManifest.xml:9:22-63
17    <uses-permission android:name="android.permission.TRANSMIT_IR" />
17-->src/main/AndroidManifest.xml:10:5-70
17-->src/main/AndroidManifest.xml:10:22-67
18
19    <!-- Hardware Features -->
20    <uses-feature
20-->src/main/AndroidManifest.xml:13:5-15:36
21        android:name="android.hardware.touchscreen"
21-->src/main/AndroidManifest.xml:14:9-52
22        android:required="false" />
22-->src/main/AndroidManifest.xml:15:9-33
23    <uses-feature
23-->src/main/AndroidManifest.xml:16:5-18:36
24        android:name="android.hardware.consumerir"
24-->src/main/AndroidManifest.xml:17:9-51
25        android:required="false" />
25-->src/main/AndroidManifest.xml:18:9-33
26    <uses-feature
26-->src/main/AndroidManifest.xml:19:5-21:36
27        android:name="android.software.leanback"
27-->src/main/AndroidManifest.xml:20:9-49
28        android:required="false" />
28-->src/main/AndroidManifest.xml:21:9-33
29
30    <permission
30-->[androidx.core:core:1.12.0] AndroidManifest.xml:22:5-24:47
31        android:name="com.codesrahul.unifiedcast.DYNAMIC_RECEIVER_NOT_EXPORTED_PERMISSION"
31-->[androidx.core:core:1.12.0] AndroidManifest.xml:23:9-81
32        android:protectionLevel="signature" />
32-->[androidx.core:core:1.12.0] AndroidManifest.xml:24:9-44
33
34    <uses-permission android:name="com.codesrahul.unifiedcast.DYNAMIC_RECEIVER_NOT_EXPORTED_PERMISSION" />
34-->[androidx.core:core:1.12.0] AndroidManifest.xml:26:5-97
34-->[androidx.core:core:1.12.0] AndroidManifest.xml:26:22-94
35
36    <application
36-->src/main/AndroidManifest.xml:23:5-44:19
37        android:allowBackup="true"
37-->src/main/AndroidManifest.xml:24:9-35
38        android:appComponentFactory="androidx.core.app.CoreComponentFactory"
38-->[androidx.core:core:1.12.0] AndroidManifest.xml:28:18-86
39        android:extractNativeLibs="false"
40        android:icon="@mipmap/ic_launcher"
40-->src/main/AndroidManifest.xml:26:9-43
41        android:label="UnifiedCast"
41-->src/main/AndroidManifest.xml:25:9-36
42        android:roundIcon="@mipmap/ic_launcher"
42-->src/main/AndroidManifest.xml:27:9-48
43        android:supportsRtl="true"
43-->src/main/AndroidManifest.xml:28:9-35
44        android:theme="@style/Theme.UnifiedCast"
44-->src/main/AndroidManifest.xml:29:9-49
45        tools:targetApi="34" >
45-->src/main/AndroidManifest.xml:30:9-29
46        <activity
46-->src/main/AndroidManifest.xml:32:9-43:20
47            android:name="com.codesrahul.unifiedcast.MainActivity"
47-->src/main/AndroidManifest.xml:33:13-67
48            android:exported="true"
48-->src/main/AndroidManifest.xml:34:13-36
49            android:label="UnifiedCast"
49-->src/main/AndroidManifest.xml:36:13-40
50            android:screenOrientation="portrait"
50-->src/main/AndroidManifest.xml:35:13-49
51            android:theme="@style/Theme.UnifiedCast" >
51-->src/main/AndroidManifest.xml:37:13-53
52            <intent-filter>
52-->src/main/AndroidManifest.xml:38:13-42:29
53                <action android:name="android.intent.action.MAIN" />
53-->src/main/AndroidManifest.xml:39:17-69
53-->src/main/AndroidManifest.xml:39:25-66
54
55                <category android:name="android.intent.category.LAUNCHER" />
55-->src/main/AndroidManifest.xml:40:17-77
55-->src/main/AndroidManifest.xml:40:27-74
56                <category android:name="android.intent.category.LEANBACK_LAUNCHER" />
56-->src/main/AndroidManifest.xml:41:17-86
56-->src/main/AndroidManifest.xml:41:27-83
57            </intent-filter>
58        </activity>
59
60        <provider
60-->[androidx.emoji2:emoji2:1.3.0] AndroidManifest.xml:24:9-32:20
61            android:name="androidx.startup.InitializationProvider"
61-->[androidx.emoji2:emoji2:1.3.0] AndroidManifest.xml:25:13-67
62            android:authorities="com.codesrahul.unifiedcast.androidx-startup"
62-->[androidx.emoji2:emoji2:1.3.0] AndroidManifest.xml:26:13-68
63            android:exported="false" >
63-->[androidx.emoji2:emoji2:1.3.0] AndroidManifest.xml:27:13-37
64            <meta-data
64-->[androidx.emoji2:emoji2:1.3.0] AndroidManifest.xml:29:13-31:52
65                android:name="androidx.emoji2.text.EmojiCompatInitializer"
65-->[androidx.emoji2:emoji2:1.3.0] AndroidManifest.xml:30:17-75
66                android:value="androidx.startup" />
66-->[androidx.emoji2:emoji2:1.3.0] AndroidManifest.xml:31:17-49
67            <meta-data
67-->[androidx.lifecycle:lifecycle-process:2.7.0] AndroidManifest.xml:29:13-31:52
68                android:name="androidx.lifecycle.ProcessLifecycleInitializer"
68-->[androidx.lifecycle:lifecycle-process:2.7.0] AndroidManifest.xml:30:17-78
69                android:value="androidx.startup" />
69-->[androidx.lifecycle:lifecycle-process:2.7.0] AndroidManifest.xml:31:17-49
70            <meta-data
70-->[androidx.profileinstaller:profileinstaller:1.3.0] AndroidManifest.xml:29:13-31:52
71                android:name="androidx.profileinstaller.ProfileInstallerInitializer"
71-->[androidx.profileinstaller:profileinstaller:1.3.0] AndroidManifest.xml:30:17-85
72                android:value="androidx.startup" />
72-->[androidx.profileinstaller:profileinstaller:1.3.0] AndroidManifest.xml:31:17-49
73        </provider>
74
75        <receiver
75-->[androidx.profileinstaller:profileinstaller:1.3.0] AndroidManifest.xml:34:9-52:20
76            android:name="androidx.profileinstaller.ProfileInstallReceiver"
76-->[androidx.profileinstaller:profileinstaller:1.3.0] AndroidManifest.xml:35:13-76
77            android:directBootAware="false"
77-->[androidx.profileinstaller:profileinstaller:1.3.0] AndroidManifest.xml:36:13-44
78            android:enabled="true"
78-->[androidx.profileinstaller:profileinstaller:1.3.0] AndroidManifest.xml:37:13-35
79            android:exported="true"
79-->[androidx.profileinstaller:profileinstaller:1.3.0] AndroidManifest.xml:38:13-36
80            android:permission="android.permission.DUMP" >
80-->[androidx.profileinstaller:profileinstaller:1.3.0] AndroidManifest.xml:39:13-57
81            <intent-filter>
81-->[androidx.profileinstaller:profileinstaller:1.3.0] AndroidManifest.xml:40:13-42:29
82                <action android:name="androidx.profileinstaller.action.INSTALL_PROFILE" />
82-->[androidx.profileinstaller:profileinstaller:1.3.0] AndroidManifest.xml:41:17-91
82-->[androidx.profileinstaller:profileinstaller:1.3.0] AndroidManifest.xml:41:25-88
83            </intent-filter>
84            <intent-filter>
84-->[androidx.profileinstaller:profileinstaller:1.3.0] AndroidManifest.xml:43:13-45:29
85                <action android:name="androidx.profileinstaller.action.SKIP_FILE" />
85-->[androidx.profileinstaller:profileinstaller:1.3.0] AndroidManifest.xml:44:17-85
85-->[androidx.profileinstaller:profileinstaller:1.3.0] AndroidManifest.xml:44:25-82
86            </intent-filter>
87            <intent-filter>
87-->[androidx.profileinstaller:profileinstaller:1.3.0] AndroidManifest.xml:46:13-48:29
88                <action android:name="androidx.profileinstaller.action.SAVE_PROFILE" />
88-->[androidx.profileinstaller:profileinstaller:1.3.0] AndroidManifest.xml:47:17-88
88-->[androidx.profileinstaller:profileinstaller:1.3.0] AndroidManifest.xml:47:25-85
89            </intent-filter>
90            <intent-filter>
90-->[androidx.profileinstaller:profileinstaller:1.3.0] AndroidManifest.xml:49:13-51:29
91                <action android:name="androidx.profileinstaller.action.BENCHMARK_OPERATION" />
91-->[androidx.profileinstaller:profileinstaller:1.3.0] AndroidManifest.xml:50:17-95
91-->[androidx.profileinstaller:profileinstaller:1.3.0] AndroidManifest.xml:50:25-92
92            </intent-filter>
93        </receiver>
94    </application>
95
96</manifest>